<?xml version="1.0" encoding="UTF-8"?>
<!-- Generated by org.testng.reporters.JUnitXMLReporter -->
<testsuite ignored="0" hostname="DESKTOP-BQF27I6" failures="0" tests="4" name=" Regression Test" time="175.857" errors="0" timestamp="2022-05-09T19:25:09 EDT">
  <testcase classname="testNG.ParamerizationAndIncludeExcludeXML" name="PositiveLogInFunctionalityValidCredentialsTest1" time="4.973"/>
  <testcase classname="testNG.ParamerizationAndIncludeExcludeXML" name="PositiveLogInFunctionalityValidCredentialsTest1" time="4.221"/>
  <testcase classname="testNG.ParamerizationAndIncludeExcludeXML" name="NegetiveLogInFunctionalityInValidCredentialsTest1" time="4.261"/>
  <testcase classname="testNG.ParamerizationAndIncludeExcludeXML" name="NegetiveLogInFunctionalityInValidCredentialsTest1" time="4.703"/>
</testsuite> <!--  Regression Test -->
