<?xml version="1.0" encoding="UTF-8"?>
<!-- Generated by org.testng.reporters.JUnitXMLReporter -->
<testsuite ignored="2" hostname="DESKTOP-BQF27I6" failures="0" tests="4" name="Default test" time="247.75" errors="0" timestamp="2022-06-13T20:24:04 EDT">
  <testcase classname="testNG.LOGInFUNCTIONALITyTEST" name="PositiveLogInFunctionalityValidCredentialsTest1" time="3.576"/>
  <testcase classname="testNG.LOGInFUNCTIONALITyTEST" name="PositiveLogInFunctionalityValidCredentialsTest1" time="5.635"/>
  <testcase classname="testNG.LOGInFUNCTIONALITyTEST" name="NegetiveLogInFunctionalityInValidCredentialsTest1" time="8.731"/>
  <testcase classname="testNG.LOGInFUNCTIONALITyTEST" name="NegetiveLogInFunctionalityInValidCredentialsTest1" time="6.845"/>
  <testcase classname="testNG.LOGInFUNCTIONALITyTEST" name="NegetiveLogInFunctionalityInValidCredentialsTest2" time="0.0">
    <ignored/>
  </testcase> <!-- NegetiveLogInFunctionalityInValidCredentialsTest2 -->
  <testcase classname="testNG.LOGInFUNCTIONALITyTEST" name="PositiveLogInFunctionalityValidCredentialsTest2" time="0.0">
    <ignored/>
  </testcase> <!-- PositiveLogInFunctionalityValidCredentialsTest2 -->
</testsuite> <!-- Default test -->
