<?xml version="1.0" encoding="UTF-8"?>
<!-- Generated by org.testng.reporters.JUnitXMLReporter -->
<testsuite ignored="3" hostname="DESKTOP-BQF27I6" failures="0" tests="12" name="Regression Test" time="796.361" errors="0" timestamp="2022-05-03T12:37:55 EDT">
  <testcase classname="testNG.LOGInFUNCTIONALITyTEST" name="PositiveLogInFunctionalityValidCredentialsTest1" time="5.127"/>
  <testcase classname="testNG.LOGInFUNCTIONALITyTEST" name="PositiveLogInFunctionalityValidCredentialsTest1" time="3.132"/>
  <testcase classname="testNG.LOGInFUNCTIONALITyTEST" name="NegetiveLogInFunctionalityInValidCredentialsTest1" time="9.492"/>
  <testcase classname="testNG.LOGInFUNCTIONALITyTEST" name="NegetiveLogInFunctionalityInValidCredentialsTest1" time="2.799"/>
  <testcase classname="testNG.REGISTRATIOnFUNCTIONALITyTEST" name="NegativeRegistrationFunctionalityWithNoDataAndSubmitTEST1" time="3.152"/>
  <testcase classname="testNG.REGISTRATIOnFUNCTIONALITyTEST" name="NegativeRegistrationFunctionalityWithMismatchDataAndSubmitTEST2" time="8.52"/>
  <testcase classname="testNG.REGISTRATIOnFUNCTIONALITyTEST" name="NegativeRegistrationFunctionalityWithMismatchDataAndSubmitTEST2" time="5.083"/>
  <testcase classname="testNG.REGISTRATIOnFUNCTIONALITyTEST" name="NegativeRegistrationFunctionalityWithMismatchDataAndSubmitTEST2" time="4.587"/>
  <testcase classname="testNG.REGISTRATIOnFUNCTIONALITyTEST" name="NegativeRegistrationFunctionalityWithMismatchDataAndSubmitTEST2" time="8.68"/>
  <testcase classname="testNG.REGISTRATIOnFUNCTIONALITyTEST" name="positiveregistrationfunctionalityClickandValidateTEST1" time="0.014"/>
  <testcase classname="testNG.REGISTRATIOnFUNCTIONALITyTEST" name="positiveRegistrationFunctionalityProvideDataandValidateTEST2" time="8.916"/>
  <testcase classname="testNG.REGISTRATIOnFUNCTIONALITyTEST" name="positiveRegistrationFunctionalityProvideDataandValidateTEST2" time="11.739"/>
  <testcase classname="testNG.LOGInFUNCTIONALITyTEST" name="NegetiveLogInFunctionalityInValidCredentialsTest2" time="0.0">
    <ignored/>
  </testcase> <!-- NegetiveLogInFunctionalityInValidCredentialsTest2 -->
  <testcase classname="testNG.LOGInFUNCTIONALITyTEST" name="PositiveLogInFunctionalityValidCredentialsTest2" time="0.0">
    <ignored/>
  </testcase> <!-- PositiveLogInFunctionalityValidCredentialsTest2 -->
  <testcase classname="testNG.REGISTRATIOnFUNCTIONALITyTEST" name="NegativeRegistrationFunctionalityWithMismatchDataAndSubmitTEST3" time="0.0">
    <ignored/>
  </testcase> <!-- NegativeRegistrationFunctionalityWithMismatchDataAndSubmitTEST3 -->
</testsuite> <!-- Regression Test -->
