<?xml version="1.0" encoding="UTF-8"?>
<testng-results ignored="2" total="6" passed="4" failed="0" skipped="0">
  <reporter-output>
  </reporter-output>
  <suite started-at="2022-06-13T20:19:54 EDT" name="Default suite" finished-at="2022-06-13T20:24:02 EDT" duration-ms="247750">
    <groups>
    </groups>
    <test started-at="2022-06-13T20:19:54 EDT" name="Default test" finished-at="2022-06-13T20:24:02 EDT" duration-ms="247750">
      <class name="testNG.LOGInFUNCTIONALITyTEST">
        <test-method is-config="true" signature="Initialization()[pri:0, instance:testNG.LOGInFUNCTIONALITyTEST@7f552bd3]" started-at="2022-06-13T20:19:55 EDT" name="Initialization" finished-at="2022-06-13T20:20:22 EDT" duration-ms="27773" status="PASS">
          <reporter-output>
          </reporter-output>
        </test-method> <!-- Initialization -->
        <test-method signature="PositiveLogInFunctionalityValidCredentialsTest1(java.lang.String,java.lang.String)[pri:0, instance:testNG.LOGInFUNCTIONALITyTEST@7f552bd3]" started-at="2022-06-13T20:20:22 EDT" name="PositiveLogInFunctionalityValidCredentialsTest1" data-provider="PositiveLoginFunctTest" finished-at="2022-06-13T20:20:26 EDT" duration-ms="3576" status="PASS">
          <params>
            <param index="0">
              <value>
                <![CDATA[Avi]]>
              </value>
            </param>
            <param index="1">
              <value>
                <![CDATA[navi]]>
              </value>
            </param>
          </params>
          <reporter-output>
          </reporter-output>
        </test-method> <!-- PositiveLogInFunctionalityValidCredentialsTest1 -->
        <test-method is-config="true" signature="BacktoHomePage()[pri:0, instance:testNG.LOGInFUNCTIONALITyTEST@7f552bd3]" started-at="2022-06-13T20:20:26 EDT" name="BacktoHomePage" finished-at="2022-06-13T20:20:28 EDT" duration-ms="2214" status="PASS">
          <reporter-output>
          </reporter-output>
        </test-method> <!-- BacktoHomePage -->
        <test-method is-config="true" signature="Initialization()[pri:0, instance:testNG.LOGInFUNCTIONALITyTEST@7f552bd3]" started-at="2022-06-13T20:20:28 EDT" name="Initialization" finished-at="2022-06-13T20:21:16 EDT" duration-ms="47686" status="PASS">
          <reporter-output>
          </reporter-output>
        </test-method> <!-- Initialization -->
        <test-method signature="PositiveLogInFunctionalityValidCredentialsTest1(java.lang.String,java.lang.String)[pri:0, instance:testNG.LOGInFUNCTIONALITyTEST@7f552bd3]" started-at="2022-06-13T20:21:16 EDT" name="PositiveLogInFunctionalityValidCredentialsTest1" data-provider="PositiveLoginFunctTest" finished-at="2022-06-13T20:21:21 EDT" duration-ms="5635" status="PASS">
          <params>
            <param index="0">
              <value>
                <![CDATA[test123]]>
              </value>
            </param>
            <param index="1">
              <value>
                <![CDATA[123]]>
              </value>
            </param>
          </params>
          <reporter-output>
          </reporter-output>
        </test-method> <!-- PositiveLogInFunctionalityValidCredentialsTest1 -->
        <test-method is-config="true" signature="BacktoHomePage()[pri:0, instance:testNG.LOGInFUNCTIONALITyTEST@7f552bd3]" started-at="2022-06-13T20:21:21 EDT" name="BacktoHomePage" finished-at="2022-06-13T20:21:22 EDT" duration-ms="228" status="PASS">
          <reporter-output>
          </reporter-output>
        </test-method> <!-- BacktoHomePage -->
        <test-method is-config="true" signature="Initialization()[pri:0, instance:testNG.LOGInFUNCTIONALITyTEST@7f552bd3]" started-at="2022-06-13T20:21:22 EDT" name="Initialization" finished-at="2022-06-13T20:22:35 EDT" duration-ms="73233" status="PASS">
          <reporter-output>
          </reporter-output>
        </test-method> <!-- Initialization -->
        <test-method signature="NegetiveLogInFunctionalityInValidCredentialsTest1(java.lang.String,java.lang.String)[pri:1, instance:testNG.LOGInFUNCTIONALITyTEST@7f552bd3]" started-at="2022-06-13T20:22:35 EDT" name="NegetiveLogInFunctionalityInValidCredentialsTest1" data-provider="NegetiveTD" finished-at="2022-06-13T20:22:44 EDT" duration-ms="8731" status="PASS">
          <params>
            <param index="0">
              <value>
                <![CDATA[123]]>
              </value>
            </param>
            <param index="1">
              <value>
                <![CDATA[test12]]>
              </value>
            </param>
          </params>
          <reporter-output>
          </reporter-output>
        </test-method> <!-- NegetiveLogInFunctionalityInValidCredentialsTest1 -->
        <test-method is-config="true" signature="BacktoHomePage()[pri:0, instance:testNG.LOGInFUNCTIONALITyTEST@7f552bd3]" started-at="2022-06-13T20:22:44 EDT" name="BacktoHomePage" finished-at="2022-06-13T20:22:48 EDT" duration-ms="4270" status="PASS">
          <reporter-output>
          </reporter-output>
        </test-method> <!-- BacktoHomePage -->
        <test-method is-config="true" signature="Initialization()[pri:0, instance:testNG.LOGInFUNCTIONALITyTEST@7f552bd3]" started-at="2022-06-13T20:22:48 EDT" name="Initialization" finished-at="2022-06-13T20:23:40 EDT" duration-ms="51544" status="PASS">
          <reporter-output>
          </reporter-output>
        </test-method> <!-- Initialization -->
        <test-method signature="NegetiveLogInFunctionalityInValidCredentialsTest1(java.lang.String,java.lang.String)[pri:1, instance:testNG.LOGInFUNCTIONALITyTEST@7f552bd3]" started-at="2022-06-13T20:23:40 EDT" name="NegetiveLogInFunctionalityInValidCredentialsTest1" data-provider="NegetiveTD" finished-at="2022-06-13T20:23:47 EDT" duration-ms="6845" status="PASS">
          <params>
            <param index="0">
              <value>
                <![CDATA[Test123]]>
              </value>
            </param>
            <param index="1">
              <value>
                <![CDATA[test12]]>
              </value>
            </param>
          </params>
          <reporter-output>
          </reporter-output>
        </test-method> <!-- NegetiveLogInFunctionalityInValidCredentialsTest1 -->
        <test-method is-config="true" signature="BacktoHomePage()[pri:0, instance:testNG.LOGInFUNCTIONALITyTEST@7f552bd3]" started-at="2022-06-13T20:23:47 EDT" name="BacktoHomePage" finished-at="2022-06-13T20:23:50 EDT" duration-ms="3956" status="PASS">
          <reporter-output>
          </reporter-output>
        </test-method> <!-- BacktoHomePage -->
        <test-method is-config="true" signature="Teardown()[pri:0, instance:testNG.LOGInFUNCTIONALITyTEST@7f552bd3]" started-at="2022-06-13T20:23:50 EDT" name="Teardown" finished-at="2022-06-13T20:24:02 EDT" duration-ms="11706" status="PASS">
          <reporter-output>
          </reporter-output>
        </test-method> <!-- Teardown -->
      </class> <!-- testNG.LOGInFUNCTIONALITyTEST -->
    </test> <!-- Default test -->
  </suite> <!-- Default suite -->
</testng-results>
